C:\PROGRAM FILES\MICROSOFT SDKS\KINECT\DEVELOPER TOOLKIT V1.8.0\SAMPLES\C++\KINECTBRIDGEWITHOPENCVBASICS-D2D\X64\DEBUG\FRAMERATETRACKER.OBJ
C:\PROGRAM FILES\MICROSOFT SDKS\KINECT\DEVELOPER TOOLKIT V1.8.0\SAMPLES\C++\KINECTBRIDGEWITHOPENCVBASICS-D2D\X64\DEBUG\KINECTBRIDGEWITHOPENCVBASICS-D2D.EXE
C:\PROGRAM FILES\MICROSOFT SDKS\KINECT\DEVELOPER TOOLKIT V1.8.0\SAMPLES\C++\KINECTBRIDGEWITHOPENCVBASICS-D2D\X64\DEBUG\KINECTBRIDGEWITHOPENCVBASICS-D2D.EXE.INTERMEDIATE.MANIFEST
C:\PROGRAM FILES\MICROSOFT SDKS\KINECT\DEVELOPER TOOLKIT V1.8.0\SAMPLES\C++\KINECTBRIDGEWITHOPENCVBASICS-D2D\X64\DEBUG\KINECTBRIDGEWITHOPENCVBASICS-D2D.PDB
C:\PROGRAM FILES\MICROSOFT SDKS\KINECT\DEVELOPER TOOLKIT V1.8.0\SAMPLES\C++\KINECTBRIDGEWITHOPENCVBASICS-D2D\X64\DEBUG\KINECTBRIDGEWITHOPENCVBASICS-D2D.RES
C:\PROGRAM FILES\MICROSOFT SDKS\KINECT\DEVELOPER TOOLKIT V1.8.0\SAMPLES\C++\KINECTBRIDGEWITHOPENCVBASICS-D2D\X64\DEBUG\MAINWINDOW.OBJ
C:\PROGRAM FILES\MICROSOFT SDKS\KINECT\DEVELOPER TOOLKIT V1.8.0\SAMPLES\C++\KINECTBRIDGEWITHOPENCVBASICS-D2D\X64\DEBUG\OPENCVFACERECOGNITION.OBJ
C:\PROGRAM FILES\MICROSOFT SDKS\KINECT\DEVELOPER TOOLKIT V1.8.0\SAMPLES\C++\KINECTBRIDGEWITHOPENCVBASICS-D2D\X64\DEBUG\OPENCVFRAMEHELPER.OBJ
C:\PROGRAM FILES\MICROSOFT SDKS\KINECT\DEVELOPER TOOLKIT V1.8.0\SAMPLES\C++\KINECTBRIDGEWITHOPENCVBASICS-D2D\X64\DEBUG\OPENCVHELPER.OBJ
C:\PROGRAM FILES\MICROSOFT SDKS\KINECT\DEVELOPER TOOLKIT V1.8.0\SAMPLES\C++\KINECTBRIDGEWITHOPENCVBASICS-D2D\X64\DEBUG\VC100.PDB
C:\Tvision-insights-master\KinectOpenCV\x64\Debug\cl.command.1.tlog
C:\Tvision-insights-master\KinectOpenCV\x64\Debug\CL.read.1.tlog
C:\Tvision-insights-master\KinectOpenCV\x64\Debug\CL.write.1.tlog
C:\TVISION-INSIGHTS-MASTER\KINECTOPENCV\X64\DEBUG\FRAMERATETRACKER.OBJ
C:\TVISION-INSIGHTS-MASTER\KINECTOPENCV\X64\DEBUG\KINECTBRIDGEWITHOPENCVBASICS-D2D.EXE
C:\TVISION-INSIGHTS-MASTER\KINECTOPENCV\X64\DEBUG\KINECTBRIDGEWITHOPENCVBASICS-D2D.EXE.INTERMEDIATE.MANIFEST
C:\TVISION-INSIGHTS-MASTER\KINECTOPENCV\X64\DEBUG\KINECTBRIDGEWITHOPENCVBASICS-D2D.PDB
C:\TVISION-INSIGHTS-MASTER\KINECTOPENCV\X64\DEBUG\KINECTBRIDGEWITHOPENCVBASICS-D2D.RES
C:\Tvision-insights-master\KinectOpenCV\x64\Debug\KinectBridgeWithOpenCVBasics-D2D.vcxprojResolveAssemblyReference.cache
C:\Tvision-insights-master\KinectOpenCV\x64\Debug\KinectBridgeWithOpenCVBasics-D2D.write.1.tlog
C:\Tvision-insights-master\KinectOpenCV\x64\Debug\link.command.1.tlog
C:\Tvision-insights-master\KinectOpenCV\x64\Debug\link.read.1.tlog
C:\Tvision-insights-master\KinectOpenCV\x64\Debug\link.write.1.tlog
C:\Tvision-insights-master\KinectOpenCV\x64\Debug\link-cvtres.read.1.tlog
C:\Tvision-insights-master\KinectOpenCV\x64\Debug\link-cvtres.write.1.tlog
C:\TVISION-INSIGHTS-MASTER\KINECTOPENCV\X64\DEBUG\MAINWINDOW.OBJ
C:\Tvision-insights-master\KinectOpenCV\x64\Debug\mt.command.1.tlog
C:\Tvision-insights-master\KinectOpenCV\x64\Debug\mt.read.1.tlog
C:\Tvision-insights-master\KinectOpenCV\x64\Debug\mt.write.1.tlog
C:\TVISION-INSIGHTS-MASTER\KINECTOPENCV\X64\DEBUG\OPENCVFACERECOGNITION.OBJ
C:\TVISION-INSIGHTS-MASTER\KINECTOPENCV\X64\DEBUG\OPENCVFRAMEHELPER.OBJ
C:\TVISION-INSIGHTS-MASTER\KINECTOPENCV\X64\DEBUG\OPENCVHELPER.OBJ
C:\Tvision-insights-master\KinectOpenCV\x64\Debug\rc.command.1.tlog
C:\Tvision-insights-master\KinectOpenCV\x64\Debug\rc.read.1.tlog
C:\Tvision-insights-master\KinectOpenCV\x64\Debug\rc.write.1.tlog
C:\Tvision-insights-master\KinectOpenCV\x64\Debug\vc100.idb
C:\TVISION-INSIGHTS-MASTER\KINECTOPENCV\X64\DEBUG\VC100.PDB
